15 2735 2296 3572 7465 9254 4411 9750 3686 7431 6714 2594 1301 3703 4001 1621
21 6689 5027 7346 5250 7065 928 8064 3788 7771 9295 574 6175 7261 6224 4934 7002 4179 1403 4487 5411 3238
19 3090 7140 5500 9286 6563 607 3940 189 5394 7809 1129 651 545 4801 9786 1939 6458 570 3671
22 1209 6502 5710 8448 3616 761 6009 4089 7604 8288 5302 8111 1623 9665 8839 5224 5644 3101 8183 5720 4304 5714
23 6466 1227 3329 6003 1186 5751 6270 5457 1259 8257 3085 6094 6904 5862 4335 3004 4678 2428 4275 6511 9337 9294 302
16 5018 7711 4233 4863 3615 1845 1537 7808 5021 4209 2808 4033 5444 2131 360 3923
15 9313 2297 6910 8540 126 7189 1989 4212 4712 7233 6369 4972 4390 3548 9984
20 2519 5971 892 1221 2992 1797 7284 4439 9959 2545 3600 5246 5261 3486 4650 7268 2633 579 2087 1832
39 549 5491 3947 5816 2352 9118 4021 6247 2291 2164 7145 2645 458 8366 2400 6708 1145 9331 5274 9183 2468 4647 6730 8584 5655 4401 7487 1617 1043 6317 6383 5940 8408 2890 5434 7481 3480 472 5386
7 4525 6912 5008 2989 4690 2151 6527
8 5934 7687 7224 2605 3058 2250 5091 9569
23 4679 3119 3970 9195 1098 81 3496 3606 2694 7130 2021 8513 1885 7449 5938 4783 2371 6617 5641 813 5152 2876 31
30 88 1332 2963 8309 5663 3036 5263 292 8118 8938 4415 8895 2959 9479 742 8813 8325 6531 5997 6394 8601 1244 7606 8045 1278 621 5096 6291 6489 8246
12 7109 1421 415 578 7078 9644 7368 9863 5032 943 1559 9711
17 2465 7455 4200 5285 2036 330 7479 5279 883 5062 8307 5999 4906 1624 5080 1163 5513
28 7957 8024 6410 9104 1272 9712 4990 7068 1004 2846 5219 3127 2034 3847 7999 3689 7003 8248 6050 6100 8409 1151 8729 2632 9653 7484 3504 6
30 519 7709 4170 7637 5712 8682 241 1487 3393 7812 352 6103 4282 7920 8963 133 5658 6785 1466 870 9788 9122 7607 5365 3626 3681 2953 9439 762 9097
23 4309 6654 9495 3816 3885 5678 8367 4713 178 6579 7805 3843 7569 7931 3862 8871 3846 538 2532 37 6332 5969 3755
33 5970 7186 1251 9830 9654 378 8273 2044 7171 3867 2107 777 7987 6921 7009 6829 6891 9725 7137 7309 1405 6400 6370 312 664 7283 8549 8625 7649 4797 1688 9041 6812
28 4839 1194 5282 9524 313 6893 9177 8560 7274 3901 9192 4539 9299 916 5102 8565 6387 7550 785 3662 2575 1358 900 2310 1258 4522 5131 7744
21 5324 3655 1030 8338 3375 1627 2741 5853 3098 2045 3896 4834 1532 2179 4856 2412 5883 8762 3611 6187 1971
29 719 5352 4034 105 6161 1393 8225 2241 6447 5730 914 8401 8068 8779 752 9903 6388 4313 1896 6918 9115 2490 6731 3280 7290 9383 3808 6606 3293
32 606 7064 3849 8434 1550 1863 4615 5043 709 1937 8500 7422 4019 2477 698 9148 5167 2364 1056 6651 534 6992 1253 4921 526 8036 648 8568 4516 8083 5629 3437
19 423 6656 9691 3381 3536 5687 1538 3262 1572 5330 7791 8384 5119 9875 5718 6635 3742 3072 757
13 1776 7329 6765 9925 7291 7591 393 2283 5580 4547 9787 2516 2865
24 6031 7097 559 3315 4244 2206 2444 7120 2945 953 5519 9225 1753 1291 1167 1548 929 9510 4950 3955 6347 2807 6207 1534
29 187 4873 8715 7255 656 4659 3958 2126 2675 5809 8239 4840 9302 5385 7635 8283 2336 62 995 8389 9063 8515 7887 7426 7336 5413 5677 6828 1829
16 6663 2589 9556 318 9872 9761 1023 2533 9398 2795 1659 5555 1853 9596 8092 8358
32 1066 7188 166 1955 956 8348 7916 9263 9133 9912 294 2374 1980 9270 2796 6772 9934 1901 5139 5741 2599 1933 461 5177 8522 8418 204 6754 9025 1514 221 7202
13 9504 7194 5568 1965 2274 3109 283 5828 3056 5078 4977 432 7241
23 2581 5815 6043 7556 6519 5421 7326 2871 858 2526 3355 2617 2895 2726 783 9296 7530 4995 758 6295 5493 5988 6494
4 5335 8787 6377 5475
26 8175 2324 4084 8464 2651 2900 4123 6082 3465 8244 8481 9433 7021 3278 1610 6289 1678 1083 9966 6594 2687 948 4220 2708 5398 1718
7 1560 7948 712 6464 5095 8278 4451
21 4758 1637 9401 5541 8614 2464 4749 1968 4872 9822 9896 2417 4561 9136 736 4442 9946 6667 4118 8294 4793
17 3817 8213 9191 212 1491 7494 4986 772 7941 4664 9074 1679 5708 8550 239 512 9868
20 3580 2942 6804 6942 9512 2551 6132 6593 6248 2246 1071 365 4316 9355 7461 8381 2494 8362 2757 7482
9 9256 9636 4709 2290 3230 446 7480 3272 7182
29 6252 6547 4356 9963 1220 9701 9823 4550 1176 8692 9444 1761 4902 7397 1786 3684 4612 7897 2097 4619 7526 2249 6315 197 5609 7977 6676 9831 8152
35 1273 6404 8978 3875 1580 9179 7732 1738 5603 1299 2972 1638 3963 4096 6488 2345 3323 5249 5577 728 3044 7908 2027 1241 3550 6813 4340 9518 587 9646 4271 3218 9173 9746 2830
34 7499 4475 8548 975 3585 9464 6026 9262 1256 9357 7037 5901 3775 4515 9994 2341 1819 7819 6083 6799 6880 8469 5947 5905 6863 4306 9491 8476 4738 6933 5785 4997 4751 2677
5 1867 1492 1002 3685 1339
17 7965 9733 9595 6879 7630 8258 1485 261 4166 3427 5560 2932 7470 4808 3041 3695 9587
15 6822 5727 3176 9628 6634 8795 1733 7342 5861 2921 843 9226 7654 670 4646
29 2432 1883 5698 6711 1628 3112 8615 4344 6359 1297 3394 9667 6437 4832 5072 9902 9722 3501 8233 6281 3174 3179 9206 452 5607 5316 367 5206 9755
21 7070 8932 6786 4349 665 7190 6182 9033 91 8970 967 7493 6515 8572 3003 9336 7831 7073 8120 9529 3928
22 1178 208 3102 6587 6374 1016 5317 1519 4970 7583 6314 4362 7295 8165 2590 4500 4460 4735 2435 9552 7974 9465
20 3055 1406 7314 35 7438 9604 9731 3247 2648 4689 7806 7453 9699 9266 5367 1154 3984 467 316 1823
14 4742 4536 2915 1200 2497 506 3054 3760 4603 6046 7476 1868 3310 8781
14 8890 8345 3387 3081 5094 5843 7855 6535 2182 2849 944 2962 3945 7601
6 6002 3333 8967 362 8276 2255
4 8773 7940 692 4471
32 8292 8290 8784 210 1910 5344 6491 5356 1752 6905 4453 3610 5262 4688 9043 1501 9630 7497 576 3801 2692 7540 60 5796 5468 5106 6867 9818 899 8925 6497 8724
30 672 6794 8203 4720 7884 2207 7256 9858 8617 6962 4117 1429 4121 852 3489 9877 6628 5522 6609 6038 6728 3634 1611 9772 9040 5618 3159 4269 9094 4458
22 7475 6662 1697 1986 4520 5597 6079 841 8305 2990 7072 878 1028 9989 4505 9861 4721 4257 7996 5876 3744 278
27 8477 6485 6068 3866 6430 1365 1250 9964 4433 4802 5340 1029 6625 2850 7976 3873 250 4082 9099 4789 470 4702 5028 4422 4276 4676 6343
23 5235 6189 8979 41 2305 9511 3370 3818 952 9028 7207 1417 1643 5610 1747 7757 7798 7939 9218 4473 2236 905 8047
25 6277 8029 2511 718 3840 4065 2693 4343 4357 4009 1471 6262 7046 1990 2325 7707 6309 4131 7225 4116 3363 1737 3093 5404 7093
30 2720 7810 7585 2783 5054 2781 921 6188 5995 7894 7508 8562 9983 4248 1771 282 6778 6995 5136 5496 8247 9050 2728 3089 1398 2765 108 1671 6559 5198
23 9409 3245 5517 4225 9613 7847 8094 8996 8815 2205 857 4890 9278 4075 9049 1085 9414 7983 6673 2637 2908 9172 3604
27 2920 7293 9306 9744 6523 6196 6272 7745 8245 2439 3625 5986 2596 3389 9933 2427 3419 4859 6823 9397 5142 3080 4364 3043 5814 391 7695
14 4094 1447 8277 8410 2235 7628 529 7019 3261 7515 3895 3584 280 9287
18 3629 3294 2975 7666 4782 8831 6512 9158 2108 254 5941 9474 5537 2089 4420 1961 5328 4769
23 677 3697 1100 5017 8747 5453 3215 1583 4274 5770 4293 281 1464 5442 1800 4232 2829 2153 5904 3016 6530 8357 2265
17 3607 3276 6159 8254 1601 8187 6244 5437 2025 3845 9264 8212 518 6578 8048 8437 7362
7 9679 1838 6155 498 4396 6601 5982
34 1097 8489 4635 3411 8856 4587 6584 8876 64 8909 8687 7573 3765 6223 4353 8334 581 5217 6827 1596 2403 5414 2650 8590 1382 9828 6074 7875 3268 3658 5599 3856 3664 9309
32 5497 6529 7117 8835 2112 7692 1886 9381 3155 1700 5534 4278 8134 3039 9407 1767 1034 4881 5140 2367 5984 569 9455 1049 1249 3920 7570 3175 3641 8205 1231 7163
21 9752 1228 200 6718 9625 2323 1762 1746 6283 6367 886 7726 8830 4358 4443 4825 7007 9416 3805 2155 180
34 6670 9935 277 3632 3026 1106 617 9475 3290 3669 4147 8186 4685 9421 2437 7507 2950 6552 8689 4251 8778 520 4621 6791 5194 1039 9343 8818 8720 3265 3046 9057 5046 9354
27 1757 2233 3773 6029 6316 2686 5433 7282 7457 599 8373 7149 5364 6201 3568 5600 3374 2678 3303 5110 2870 5392 4655 4231 5949 1435 9782
24 5440 8630 7319 3066 7668 4450 7778 9265 1639 5268 4043 819 7328 8496 4110 3485 1917 1798 4381 605 124 2496 748 4633
22 9514 2603 8774 5829 7380 225 1553 9928 5405 8659 8926 147 6203 6769 7560 6692 3269 6668 6646 7148 5115 3827
14 2571 1414 5466 326 1508 8110 6280 4256 74 4857 2346 9471 7706 1705
9 563 3338 8220 6243 1067 301 790 4140 9371
14 6381 9864 1245 1745 9962 7301 9496 4714 1531 2901 6443 2 338 1555
14 9003 567 7804 6378 5583 5270 5789 5961 7658 5753 5024 1517 3095 3034
32 3549 9405 2335 168 9289 942 4503 8990 949 8316 2874 8904 776 1946 3137 3511 3391 8473 6184 3897 1172 525 5822 1080 9660 5239 4908 2628 1156 3975 1454 2965
23 4601 9820 4455 5920 3906 8854 6336 6698 4328 1710 3314 6345 3761 4456 6642 9358 9542 9867 9348 7292 1604 7345 2183
27 7657 4583 1588 8536 4141 7092 2696 3345 1521 1211 7830 1199 5373 4032 4135 2882 654 2416 3177 8866 9682 4077 1333 8942 5973 4047 7001
15 2015 211 5426 6178 1476 275 4002 5692 5715 1027 2376 4581 2705 5390 4292
29 8708 3527 7768 1994 2856 3116 8176 120 3657 2547 508 1431 8312 7381 4388 7321 5523 6604 9899 496 8025 4025 3206 7593 5423 4181 6214 6087 5935
18 5860 8965 5382 6763 2685 5689 2991 7652 1704 9565 4572 3340 2503 5942 4182 3889 5408 4556
17 7270 7113 4853 8864 5329 6146 103 2670 4567 7871 9526 2226 2860 798 3438 3890 3887
26 8758 3430 5351 146 5724 2602 6331 2048 9038 1368 7755 6939 1820 3913 3266 686 5827 1657 4461 7942 4283 80 288 5811 2522 4510
7 9847 2738 4467 7483 7147 6276 6435
28 1900 7435 2523 9382 8653 8546 3905 6775 3699 9378 9643 9533 8199 6556 1648 3237 5236 8364 2124 5831 1662 6986 6944 573 3860 9622 5379 9568
23 2883 3236 874 135 950 6703 908 8160 65 1591 1236 3772 5956 6204 1681 4165 3777 9029 205 1036 7302 5671 4600
28 9913 5954 4704 704 5374 8809 9687 6121 9879 1953 3123 2861 7949 8583 8810 1533 1310 7868 6701 7895 7828 9368 291 5407 7300 9008 746 6212
15 5445 3918 2230 9926 98 982 4595 2954 7176 1831 4317 3028 9827 5846 7184
29 9976 1170 6168 2973 1503 2731 1281 3759 649 9228 2760 1448 1383 8616 6138 5998 6798 3628 6234 3385 3061 5754 8913 927 5010 7878 8137 2555 1549
17 4078 8262 3291 6319 6855 3659 5288 4576 9108 1426 4380 8673 3106 6664 6428 8980 7906
6 8310 4877 5189 9927 4476 5728
3 6916 8227 1582
22 4008 3708 4965 1756 7879 3473 6312 8242 4579 3878 4038 2308 4998 639 4083 8569 8142 3806 430 4267 9834 1164
26 9888 3049 7428 5562 2769 7502 399 1402 9205 4144 2443 4333 3917 1197 1270 1691 2022 7821 7056 3235 5798 834 3627 1909 450 7611
14 6263 3249 661 4299 8868 1667 3082 7816 3746 6865 5221 4329 389 4230
17 1305 8783 7677 3512 9042 7785 8030 3122 3829 2907 5105 21 1922 2502 7943 9589 6449
28 6815 5218 513 5120 846 6825 7933 5087 3790 4104 5559 7077 1275 4549 6459 4982 8881 4175 3407 6049 6690 5338 8145 7644 9931 4161 838 2046
18 7005 9402 4624 9353 7152 853 7558 2969 6566 2766 8664 8027 7506 2583 2478 1975 5435 8463
23 3307 6745 5756 6805 6832 6925 6751 9361 1592 2546 6897 9139 7672 6362 1858 5772 6781 45 7885 1629 9840 6086 2130
10 303 7993 1142 5957 1460 8173 2368 3648 1376 5821
31 4071 3197 4575 6245 3453 1215 9466 1523 8984 8214 5879 2057 3722 2805 2947 7966 738 1183 732 4342 5873 1157 8837 9435 3819 491 5051 7964 6028 5870 4201
28 2316 190 6875 419 9804 5674 7730 4130 4398 3133 8296 3621 9106 1709 6495 4430 3154 2552 6077 904 3223 5605 5639 7427 8879 2499 7571 6065
26 1335 658 6304 7102 2577 8504 9737 8667 193 6885 4772 7904 9079 2762 4210 9312 1007 8081 8347 5673 5787 9973 6514 8986 4534 3727
27 2917 7156 965 3717 4376 8128 376 3784 826 2260 1943 5567 8159 387 536 2804 9513 7918 2084 7192 6873 8074 337 4334 8405 36 1695
28 8731 1438 3865 284 8681 3879 7203 9846 674 6589 252 3450 6806 7689 3547 9015 1037 9404 1793 1021 5932 5337 4531 3401 8744 4611 6546 7393
11 8878 8274 2916 8609 5952 106 3086 628 8750 87 9125
18 1138 8711 867 2893 5083 5061 2154 2710 7280 4874 1316 9760 1680 6014 4187 6017 9277 4779
28 9619 7287 3601 8915 4020 922 2105 1331 4400 7679 2977 3731 2740 6975 5675 7366 787 9335 2803 1957 1380 1409 2133 1413 6881 4079 3084 1434
13 7013 9231 9718 2190 7797 2093 6707 2340 2793 8525 4816 8512 2005
14 2061 3358 4773 3506 9298 1050 6001 9351 5 1408 6334 1927 5348 3142
21 5086 7864 873 4355 8814 8974 3495 8250 2955 1165 682 5357 3982 1719 4730 9895 2672 4235 7951 3020 6631
22 4058 2079 442 3199 5783 5799 9273 7555 2192 30 2958 7006 2438 683 515 8992 2186 6174 4097 632 4425 5059
29 4618 3546 3891 47 5627 2178 6719 1864 286 2842 7749 5670 4014 1048 9321 7352 5326 6131 3912 9448 5325 6887 5749 8678 3665 4408 6177 4571 1683
13 7929 7129 7546 6550 9341 708 9539 1101 2866 17 5776 8114 6230
10 5300 7028 6756 4830 9751 5124 9346 3926 4926 9200
30 1315 7114 3989 7243 1252 4035 1676 4163 9849 6181 6581 2935 2644 7653 5416 4847 2832 687 2863 4928 2936 8567 421 99 2030 9196 1290 1958 5521 2586
15 9707 1384 8370 3105 2338 6402 7135 2128 4347 2011 3799 2607 561 129 5071
22 7429 3005 5049 3200 6742 9190 233 3635 243 5518 5965 6653 9193 5773 7946 1063 705 937 1663 5647 6500 4061
14 7861 666 7534 202 3597 134 3436 4259 4710 154 8107 2454 8200 3088
15 4059 477 3461 3490 4657 1693 6643 3482 9284 4249 2373 7796 9592 958 1000
29 5192 8557 4164 4246 6749 3220 9202 4605 8101 9232 4939 2534 5172 3141 122 8009 6678 9055 6520 4814 4509 1187 831 9391 7087 2588 725 3581 1887
22 7936 502 4409 531 2831 2187 9101 1620 715 5074 5201 6059 9103 2851 262 418 8438 51 4345 5669 2050 5604
12 5299 9090 245 533 2825 2852 9948 4819 137 9006 2175 6517
16 6783 8149 1530 4502 6645 8035 8243 8869 5033 6930 6727 1271 7004 9541 3962 2430
32 7401 9649 3368 951 6446 7663 8167 2072 7873 9980 7822 1069 1012 1790 8883 7164 8807 1736 3503 6632 471 5151 9904 7443 1482 6915 5150 3048 8836 7985 8696 4295
31 4855 19 2520 4665 4285 3566 4764 9684 9234 8263 8075 8945 9859 6114 8749 4903 5801 5747 9039 8676 2980 7925 3979 3312 6109 7124 1483 8341 3134 6788 2193
33 7463 9166 2293 565 5240 5917 6078 4371 7761 7829 716 544 4642 9141 6067 7587 3449 5104 1783 7543 972 223 9961 3919 1469 4597 4985 1225 667 2905 1108 2625 9736
16 3167 3651 6669 3605 4938 6647 1480 8645 2234 3225 1289 4741 1935 9993 4268 136
11 273 5227 2742 6409 4291 2927 6809 9364 8782 2156 4796
20 3444 696 8892 2518 6454 5187 3636 9645 2556 9482 4828 9328 2402 613 5157 6777 1696 7848 1498 8730
21 769 9046 6004 9696 4202 8995 127 4756 7169 4528 2302 8633 1698 8267 8589 4081 6549 4667 2609 7158 6565
12 3696 984 1859 9975 4227 9370 4638 4821 9810 6102 1078 7773
32 9305 4984 7927 8803 7193 3194 3181 5160 5465 4924 6821 2141 9498 6722 771 5810 9092 4351 2222 8466 781 1451 8393 7084 7349 3441 7217 1484 7834 6471 2303 6401
15 9563 9920 1223 6710 1634 7386 4966 1246 8135 7023 9531 8802 9174 4480 43
34 2247 8158 2118 95 5620 7883 1557 6216 4593 6570 2797 8585 1787 9790 2366 1814 5039 9384 8127 836 4004 903 8060 8322 5081 2013 3573 2194 7154 9958 7539 3327 5283 3712
6 4377 6139 1674 1276 2573 5891
21 6412 3640 6200 9657 9457 3117 3524 4989 550 2086 2713 6116 173 2398 7063 9470 8439 7417 9211 7027 8422
3 713 5991 7678
26 2135 789 7248 2934 4940 1355 4063 5914 4074 774 744 2294 4694 8833 8050 6229 8121 2231 5936 8668 653 4752 2326 402 4142 2659
15 2949 2166 8786 6220 8042 7209 9972 4636 9624 3146 1584 1308 800 9658 7206
12 700 3579 7779 3904 319 7566 4533 4489 3065 3404 3244 7581
18 8703 7108 6630 285 2933 3139 7718 6733 8693 6431 1011 9893 4465 5762 6225 5178 4087 1312
12 117 817 7347 3986 5040 4204 1502 1727 6075 1816 9389 5067
16 3442 1803 2184 5725 6839 5092 9880 8115 7419 8516 1839 8732 7181 7308 8002 4321
32 5137 1977 2377 8800 7770 4159 6389 8741 6423 5005 3 2396 2943 94 1388 4448 4524 7298 3096 5611 9261 1656 6802 6693 564 3933 1437 5275 5431 5029 2090 5063
26 7913 3475 2181 7364 7411 1169 514 7769 3507 6462 4543 4359 9548 5520 5648 4609 227 6835 7545 8003 6411 4226 2251 7436 5735 2604
16 6695 5615 530 839 6764 2000 2919 6597 379 4981 3592 5630 1073 8076 5975 8722
8 1543 7612 6741 4875 483 6538 2776 4027
36 6831 1113 9806 2216 4245 1587 9035 3364 353 4113 8494 6120 6696 8705 6861 4457 6130 8997 3130 1810 3525 2485 9201 6928 3301 7168 9873 1044 2946 9995 7603 6373 6959 4479 8880 6479
21 6901 7398 5006 2399 1777 832 8191 2673 3785 9388 2314 799 4114 2281 9022 7842 2978 9181 5979 6687 8707
28 6403 1949 7477 553 2809 8182 1897 6379 6211 4217 9428 999 7720 7091 1715 404 7440 2891 2563 6328 3413 1058 503 9567 3957 8455 6242 3538
23 3156 3409 5369 4048 3750 6926 5473 3907 1047 9661 112 6948 3136 1277 9327 5111 2684 9986 7954 2821 3882 1303 2608
6 2384 1411 6801 2461 4341 8056
21 8518 3147 8493 4866 1264 912 7259 8268 5002 7179 7886 5420 4176 4513 9386 4991 1216 2007 5839 963 4955
8 5769 1407 2143 6327 4658 6814 5366 6544
17 9393 2424 2422 6836 4703 830 9182 6480 8860 5915 8801 8237 5556 9917 7782 8402 5616
11 7040 1512 8832 3739 7882 9062 3228 5700 6898 624 4941
16 3855 3257 3068 6012 164 92 4913 2270 7014 4406 5042 3593 9780 6583 1064 8514
17 1515 3826 9627 3544 4613 2600 1884 4485 7043 4006 5190 5438 358 866 8900 3810 9540
24 3371 109 5890 655 3966 3433 9897 2543 3751 6830 5976 8013 4382 4765 6061 1770 7872 8912 6564 7500 7022 1516 5065 5836
6 1992 4428 7406 1904 1 7110
17 9325 6135 7355 6066 3213 6318 6947 3711 8875 5349 466 4261 2370 7597 2549 5336 3769
11 9675 739 9666 6420 9002 8937 1686 7387 2095 6344 1855
24 6198 4693 3362 5417 7750 1031 5122 5958 3832 1945 694 2197 4674 237 9001 1720 7634 591 8531 2903 5850 8232 8923 8095
18 7928 1323 9602 9633 8991 9681 1902 6213 97 7122 5141 7863 8216 3900 2080 3463 8712 5775
20 8670 6793 3221 3567 500 2002 5784 5454 79 1086 868 9096 1336 676 8797 8877 1841 1826 7111 2271
26 6807 6150 2539 6567 7253 5409 2119 3974 833 7614 724 8140 6036 3045 9237 1566 5168 2646 7408 5739 8702 2668 1440 1848 13 6665
13 4435 7471 3334 9702 7245 1631 5238 8851 8266 4086 7909 8332 4886
27 2009 1013 1869 989 2639 9135 8555 9570 1311 4871 4937 6548 2504 214 5484 1850 7802 5893 8976 8359 9588 9502 5166 1658 9123 179 9990
20 8640 3596 368 1325 5052 7582 1463 7542 2016 305 9119 1918 2469 5229 3595 2610 5395 9168 8613 7978
26 3869 1609 4935 7446 4115 8194 380 4045 821 4397 1944 235 4892 614 7860 9911 9431 5035 4529 5550 7835 6725 6323 7247 4172 9214
28 9449 2031 9419 66 7278 2406 5514 2612 3075 7222 7645 1741 5391 812 8343 8905 9153 1919 6355 2127 9955 9582 5319 3349 6691 7509 7358 1226
20 4307 3540 9316 4686 5158 9100 2240 9639 9229 8721 8470 8916 7531 7142 1119 7258 9352 1068 3953 4417
19 3253 5858 6450 1326 4493 494 1458 2875 934 3570 8460 2715 473 4535 9941 4762 815 3242 9415
28 375 7320 2455 4482 895 9537 2745 1846 2966 1716 2630 3877 594 9767 7781 2375 547 5680 4395 8733 1694 8162 7525 6501 7839 4051 8490 7825
6 8329 1773 8573 1997 6293 1817
15 474 4706 209 9251 6397 6432 4218 4148 229 8825 1053 7053 8124 9069 1579
32 5868 6849 6192 5777 3783 4914 4555 7239 938 490 4055 2568 8544 3009 4770 5877 3494 5558 6858 7832 7914 8052 6284 8032 265 4466 323 4527 5276 2219 6406 3014
24 1105 1111 422 8806 2790 9837 7576 6699 8492 8218 4468 4191 1107 6145 4462 6233 4488 5403 3545 4000 2987 5871 3886 9154
31 1040 7116 9469 3050 8989 3663 2482 6871 4326 9075 8827 9089 6134 6808 4884 678 3948 8799 887 4512 7260 8627 1781 6129 1594 3306 2334 2961 8399 455 3942
34 222 1605 6053 7000 4297 8530 102 6989 6716 9612 4584 7490 9420 3894 11 809 6816 9774 5320 2285 5383 2699 63 4964 9683 4827 9791 6506 2113 111 5964 334 679 9290
12 1005 6123 5480 1744 5928 3822 9244 2868 2880 8888 6339 6507
18 9550 3325 7762 118 4792 3851 8533 4787 865 7624 6619 2218 6866 3115 2129 991 9293 7433
29 837 5808 6164 9640 9795 9116 4007 8951 2304 2652 3930 7234 2040 4470 6306 8961 3182 3813 8153 420 414 5333 226 1125 7371 7199 7473 8011 5223
16 3555 7020 5771 2440 2982 6024 8412 5260 8229 5014 8072 4843 592 8599 558 2620
10 1135 3767 264 784 441 7504 1754 2450 2515 6112
9 3578 9763 4492 5898 548 4632 8008 1542 8764
28 5424 8458 9813 9105 5303 9949 4930 4384 1062 636 355 5073 4062 6888 9884 2580 7691 6142 8661 3776 7306 9356 3060 478 9456 8070 3229 7356
19 5693 7230 9845 8219 3583 5228 7856 8737 9019 8753 6528 9856 4375 3324 4996 2542 8683 1923 7030
17 84 7891 7373 7686 645 4099 2505 6737 7316 7727 3757 2614 6235 663 5482 1042 6090
12 9140 7180 1363 3614 2486 1940 910 9217 406 9007 349 224
30 4894 5387 4184 1240 2570 6357 5375 6956 3952 7187 1198 3157 5486 3646 3222 4237 3300 556 8335 8202 8971 1314 2195 5707 6055 8538 3762 1361 5939 1446
24 920 7889 4833 9045 4733 8768 633 1436 4858 2898 1292 3308 4654 6713 8571 1274 8222 2971 296 5592 6976 8096 2408 8594
18 6706 8736 2957 7876 2212 7139 1606 331 731 1103 9253 9437 8352 8369 8472 5790 6525 1988
15 9799 1784 9503 615 6818 2663 7682 9186 8108 3052 7520 2003 1728 2968 8759
5 203 3729 1087 8658 6448
26 7956 2536 4196 439 3594 6101 7811 2115 1504 2315 1590 3212 5154 3027 8933 6682 183 1268 2858 3481 2579 7338 3406 4126 5682 1191
26 2559 7198 7379 8973 4441 3305 4211 3421 9659 5353 880 1075 7286 5981 4626 4745 2913 9332 3526 9124 7423 7051 3492 4620 3690 4174
16 5717 6884 3426 3191 2060 3435 5695 3451 6237 1644 523 1589 2393 959 8253 9600
15 2695 4885 5983 932 9279 1571 2066 5849 974 7818 2032 3649 3162 9427 1966
34 961 8302 1121 1260 3398 8379 2527 2415 6041 395 3474 7967 1702 4746 3455 4322 7107 3672 3372 9894 451 8771 3217 1577 1964 1608 2843 2157 7044 2592 4216 7824 4521 9494
27 372 9406 4112 5699 9735 4403 4119 7503 2867 1692 1598 4125 3077 894 3256 8591 1740 1711 8828 2201 1712 7170 5960 5048 7673 6481 2070
18 48 1024 5425 9562 5012 3057 9678 8523 5193 1779 7843 6596 5101 9160 4701 5852 8427 7990
16 7952 2357 493 290 8575 6638 7912 5701 2667 2525 1193 808 2621 1844 3749 8808
11 3654 5284 5502 2237 5463 8039 6874 276 9301 4691 5066
11 768 5060 730 9757 8796 4585 8306 6521 6088 6354 2840
24 24 5213 7792 1313 6842 9164 1835 871 7275 5910 7266 4608 2749 370 4988 5919 2491 9340 7265 7042 7026 4519 7731 7322
8 4090 3990 7648 306 4811 4943 3704 9350
10 9084 3608 9072 2841 9490 5271 386 7721 5993 5573
35 2869 2641 2626 9144 5212 1873 753 2653 2753 2924 993 7903 3173 4711 543 7529 7389 3613 9424 973 5176 2854 689 7060 5427 1360 3365 5215 259 8161 7374 4037 3189 3350 7586
32 8962 9463 5535 9485 1755 8529 7642 4724 9288 3466 7857 8551 3661 8177 9185 8958 2242 2142 1996 2988 931 110 652 9059 1742 3676 604 759 6461 4350 8690 8884
16 2356 3311 1208 1416 2309 125 8873 9709 71 9017 7688 8776 6217 4419 7937 1938
19 4637 3148 457 2382 7246 6133 1189 9516 7629 9324 1934 5314 9110 5313 5308 9086 5780 5471 1084
17 4150 9052 697 1655 9743 1529 9732 2567 4026 5231 5030 644 3019 3738 5617 6964 1751
36 6115 8484 3024 6265 3795 6340 9617 1453 4617 6098 5451 3673 5256 5289 9881 1840 9157 936 1217 6612 4878 7790 2662 3487 9275 4464 9835 9599 8206 1812 8174 8456 2185 9960 1174 4057
22 3988 4208 9255 7196 4017 5526 8407 3782 2909 1774 680 8344 7285 7661 160 8336 7272 2063 8716 5820 5129 7039
3 5885 7325 1546
6 311 3539 6644 2914 5697 2169
28 4379 2714 2074 782 3051 8353 2640 7729 8820 7407 8928 2319 3186 5097 9221 8033 2413 7094 4915 6478 5145 7696 5565 4760 3683 5691 792 2550
35 7399 9985 2881 3414 8188 5576 6081 3909 987 9000 6451 6064 7445 4190 859 5681 8656 5479 347 4719 114 3392 1618 6555 3037 7953 2752 5085 8602 5524 7409 3140 327 8301 2508
35 541 9347 5089 6360 3915 8155 8259 9742 3623 8486 9073 1008 2104 8017 918 2109 5191 6308 4188 8621 1796 9091 3379 2228 5980 9372 8623 8639 4780 6770 2940 3978 9323 6872 3289
19 7561 6457 481 6128 4602 3038 9710 7636 4300 244 2810 388 4301 4337 2365 2744 7728 9580 9005
30 4143 4387 8328 3083 4250 3270 9065 1346 9809 4105 3227 2272 1428 5004 3447 946 4060 8196 876 9991 1928 4229 1477 2392 9088 3637 9726 2819 3971 9876
37 568 627 8224 3921 3420 5291 8665 1985 8018 2565 2397 6268 3556 4851 3574 527 256 5389 612 9706 6020 1827 6709 8738 7327 5200 8041 5355 764 7675 5726 6577 5896 8607 6084 484 6350
18 4494 5875 5295 4869 2140 8298 2173 9817 6610 3837 602 6395 2474 5661 8424 5806 1133 9369
11 8950 8739 8382 6069 4137 5371 6980 8822 2756 426 835
20 6228 9452 3188 5711 1474 3418 3062 3258 1930 7712 8063 9376 1041 863 5292 4423 803 9697 765 22
19 622 2838 5214 5955 5779 4024 7263 7216 7150 5994 6179 3295 7935 462 9163 5380 9489 3911 1018
14 1833 8020 9012 9297 9634 4101 1381 25 2481 6072 4151 5346 2134 8865
21 6541 2748 9011 6856 2470 9429 907 4477 6460 342 8023 3977 714 3231 7045 93 964 8360 2256 3925 923
17 6961 2538 3510 2896 7208 552 1181 9070 9249 4361 9885 7708 7413 1356 8655 9905 6010
10 29 9473 8574 7580 6474 2409 6580 7746 7693 2053
15 1664 5237 9559 3602 172 5503 3721 2578 7134 3429 5608 4426 7488 7237 8563
24 55 4781 608 7602 3445 6023 6251 6172 8956 130 6848 2722 501 4440 5026 4992 9748 8317 6999 1982 1789 2298 9650 2487
16 9523 3575 3910 3108 2967 4806 4544 348 5557 3469 4498 6591 486 3836 9161 3431
23 9216 4546 2642 5182 6392 611 3366 7276 403 1081 2395 1309 1117 7080 5247 2938 947 7195 4496 3337 4152 4265 7015
23 9283 5743 8462 4153 267 9037 1441 1182 4588 6006 3344 1895 3553 3876 2873 1112 3937 3780 8488 3069 7311 980 3267
16 4842 5358 3092 8554 7442 6119 1146 1706 8946 4363 7917 3576 4108 6093 7980 9574
6 2576 1372 9267 9252 3330 4138
20 4948 6239 1206 5679 6953 5208 9988 9554 7510 2269 5321 2344 747 5632 5945 236 4 2243 2750 2165
27 4346 8425 4194 1518 507 5830 5951 7837 8062 6932 3811 5163 1282 4777 5211 9460 8829 4012 3074 1707 4303 5505 176 2266 2028 844 1847
12 1888 699 7638 4826 1685 9127 2394 691 9655 847 9377 6285
14 734 9996 364 7153 9102 9239 4912 3730 6487 1149 8251 6616 5460 1134
17 3149 5948 9320 5516 3740 5069 1239 4888 2388 230 9272 1061 8478 4523 9764 8442 28
15 7119 6735 7086 9951 3936 9152 7377 6892 1916 7469 2629 2786 1941 7029 7472
28 4214 5359 9030 8766 9620 6927 6639 5170 3099 3622 5824 5709 2359 3508 7930 9597 1782 9802 7776 7723 9777 427 2811 3652 8078 6092 5055 4683
26 7862 5377 9923 8228 4798 7066 1912 8339 3432 8511 1772 6325 6226 4262 6180 356 603 7378 2452 7452 1802 5683 8849 8545 4999 4592
19 157 6329 6206 199 1729 4481 9546 9394 5100 6746 7680 1123 6622 618 1682 723 9436 6620 6018
22 2986 3758 9874 7312 8772 2799 2751 196 9969 2282 7454 8885 8528 6996 9547 8340 2656 5874 7485 3587 480 9825
11 297 6740 2649 9579 4944 9441 3454 6743 7972 8891 3519
19 1978 8021 6202 7226 5650 2771 6422 5803 4699 2558 979 2557 6463 4700 1095 9551 8279 1645 7890
29 3103 1630 4910 9487 1963 7994 7096 7633 4491 2043 8987 9908 575 8906 3828 83 7753 7992 2493 3642 9841 5667 7740 889 3741 3931 5361 308 2254
27 5341 6199 5996 3073 7172 5234 9832 2613 1511 9132 1455 7984 7415 2191 6363 6290 3893 5738 8006 2619 5492 8415 67 2827 2816 8886 1983
27 2912 4260 9282 4920 4973 8421 6346 9481 5792 7498 9303 7763 1320 4947 6171 3844 9594 6320 7970 6047 3914 2483 1974 2215 9583 6236 5842
30 3281 6110 6307 1830 3680 1496 6399 1660 6757 4213 4566 2479 1871 4582 232 2121 9967 3299 220 1947 2213 7596 4740 1976 5950 1615 2815 3012 343 1293
24 5716 1860 4421 8146 3666 9738 6222 5452 7907 8506 5133 9023 6908 6655 3161 3187 5084 3282 7841 7747 4215 5916 707 9601
27 957 9137 8902 4016 2333 3493 6618 425 5099 1389 9077 4219 5929 2535 5872 8400 9026 8954 6847 6600 8452 3980 1809 2472 1600 9373 4129
22 6724 2899 2495 6352 3047 5428 5766 7777 8719 2088 8287 1370 7144 5490 2204 2879 9036 4743 721 2300 9603 4241
26 445 3208 1995 2425 7662 39 8413 2065 8326 7125 1116 2414 149 2739 1763 3996 9425 1205 9203 7363 3248 8714 2423 7038 143 7369
8 3693 9544 5025 854 8445 5660 369 5903
7 2020 726 2718 9921 8672 8374 0
12 8395 1593 6951 4107 6173 46 990 23 3071 5000 756 2262
11 2008 1984 9965 9349 174 1795 4272 6335 6126 4393 3164
27 8406 9852 4109 2717 2330 1470 9987 8289 8901 153 3763 5171 6382 1775 9016 6878 8577 9114 7955 6572 3171 6219 8499 690 850 1653 5922
33 5598 5113 4661 4807 9345 8236 1079 9242 5713 5962 2292 1166 6883 7915 3316 2139 4407 7101 9250 8471 2918 8709 2761 1237 1505 5638 4412 3523 913 7584 8541 706 1254
19 3030 945 7975 7867 7698 7211 660 6089 8695 8164 485 4800 8798 586 1861 8605 6384 2101 6019
28 3471 6558 1959 7787 1046 8595 4552 6882 4775 9741 9838 8416 6605 2595 2634 6983 4590 5963 6337 4960 6264 1442 562 2071 1184 6080 7577 1390
10 7141 8209 3779 1399 6349 3902 2671 9695 1769 424
30 8102 5654 9944 448 6356 5267 7665 1443 9408 6476 9553 2548 5305 4394 4264 4312 2062 2431 7402 2451 5464 6626 9245 4095 2081 3633 2806 6993 1445 1951
20 8840 6747 1564 8637 1792 7034 169 2473 9044 1836 6568 4565 5001 6803 4919 3571 7231 2743 7297 9915
28 585 4414 2681 9815 6498 8955 5287 5045 1257 5564 6056 3007 3070 8826 4085 2268 3201 8603 78 5278 42 5530 4518 5823 201 4954 2855 3748
25 268 5034 9385 8079 6034 7162 7344 6902 9729 4776 1960 8662 9593 3997 7351 5640 3251 7547 2733 4234 2834 7815 8663 1495 3388
23 4495 7553 128 8816 3842 8034 823 1263 6744 9798 4289 8669 8498 9032 7589 7538 5924 1881 6153 8975 6792 2995 4716
29 1353 6658 1524 7737 32 6048 896 9165 4331 3531 8694 7334 249 9571 4660 9112 1351 3961 5863 6608 7095 9519 6108 8391 9747 5456 6685 234 5834
18 5406 9128 3317 1843 8791 354 8151 9833 8780 1748 3694 693 7620 2768 3382 3151 7439 9803
28 8342 2791 5540 5602 2999 2585 3530 5782 2037 2042 7552 733 6940 4925 1539 2582 7279 8349 9618 8090 185 2170 2068 9212 2707 5184 8375 6440
16 5649 3468 930 175 4623 9054 4675 5210 9333 77 7627 6509 9844 4238 7767 6834
34 7640 2123 248 5686 6141 8112 4862 5400 9652 6393 7370 2383 6375 3561 5527 7788 7651 2024 6105 3935 4889 2719 3446 5989 3716 7514 6796 2779 73 4162 620 7559 4933 9668
15 1528 8055 2198 5566 596 5662 9981 7010 2275 377 4824 255 1914 1395 1626
7 583 7210 332 5156 9209 2385 1880
28 2941 902 3603 7690 6398 5422 1232 2661 1109 3203 775 3798 5959 9056 7609 8031 7616 7384 26 1131 5614 5528 4178 3968 5342 6071 5589 2058
19 8204 6924 3821 2537 9871 3807 9410 2857 9222 8610 7075 7947 7669 8282 5591 9749 9525 3405 495
17 3025 4959 2401 8521 3938 2635 2077 5135 8882 5837 2884 659 1364 76 454 8284 7061
9 1735 4511 8351 9575 7464 8821 1650 4036 9693
18 5304 7704 4794 1908 8093 2754 4070 2284 2295 869 3944 8626 647 3517 735 3467 4897 2322
24 4829 9109 1392 582 2923 8299 3841 213 1248 322 6841 7961 9034 2023 1760 468 4548 4367 2521 1920 6789 7395 5315 8388
28 741 7512 1970 2261 3701 9375 7595 3165 7513 8843 320 3959 7646 3013 806 7932 3198 2682 3678 5925 8988 6854 272 4917 9971 9367 1936 269
24 5381 8848 3991 3193 9843 5878 3509 9447 3660 5525 917 53 8502 2085 6929 7098 453 1675 1089 8894 9669 8281 7733 7615
8 9979 8586 8198 9705 5511 8071 9609 4203
15 8559 8459 3541 780 9314 7759 767 872 788 3383 7059 6614 165 4311 4484
14 6321 9392 1854 3516 2524 1851 8423 7269 8608 7826 3787 8735 2200 9664
26 3743 8376 6296 3833 5593 2343 4072 6085 4378 9480 6513 2892 1690 8007 1906 3706 4682 1321 8704 4574 2666 5582 8308 7741 1092 7981
31 9581 2512 8207 1723 6966 3124 2706 6657 3499 3874 3271 4365 1541 8051 4454 4360 9651 7960 7447 2820 3309 804 2823 3352 3195 7765 8065 861 7219 3423 6183
14 1269 3976 2904 7554 2245 4656 5642 1294 177 9900 4838 3297 3705 4427
13 6039 2110 2636 3145 9082 363 1999 5448 1921 4732 416 5802 8994
8 8520 7082 825 856 2660 2767 4865 5538
20 3457 2026 4980 417 7710 4854 6971 5844 6426 2248 7339 1420 7305 6292 5704 8524 9739 4067 9175 4868
18 8728 4537 9543 4404 6076 1721 9623 7532 397 8911 9462 1743 2996 3483 3551 7121 3725 9360
28 4687 9246 9869 7323 9450 3789 7901 2817 8378 7988 2122 6681 2561 4768 8755 3599 7505 7800 9188 8084 1661 6859 333 6621 7969 5286 6057 3688
32 3564 6493 206 7236 977 6886 9564 4744 516 1891 5155 350 4323 4614 5882 5117 184 3956 5132 5098 5740 4978 3728 4589 6755 6524 3440 2446 9690 8168 8920 2824
26 580 6752 4836 881 8542 8953 8193 1255 3645 4330 1051 7403 1806 8197 4708 195 5703 5624 4023 2911 2689 7089 6845 9878 5788 9850
39 6649 5990 5636 601 152 475 5050 2160 6784 3793 5702 3373 4206 8103 215 6301 194 5470 4739 924 4155 1828 6299 2712 6704 625 5918 6736 6136 2704 7018 6027 1404 7845 5429 9145 401 6911 1057
30 61 2006 5554 7557 381 100 4639 8324 9156 2220 5835 9694 3285 9143 5664 9442 1818 9848 4961 6490 2149 5832 1144 1379 5153 4429 3304 4845 6790 5459
30 4788 7451 3129 4064 7683 5539 5036 7041 444 5764 9720 5070 5864 7647 997 801 4804 8763 3336 2279 7385 1780 167 2202 8734 2188 7850 7705 4727 7228
33 5161 9685 4630 1233 6771 9130 6762 9440 9248 6156 2906 7592 2513 2601 8631 4625 6571 7250 9605 7032 8600 7105 7945 3018 8269 9978 4968 3954 4254 9598 4446 2770 1807
23 6456 5818 2147 4629 2984 9478 6104 3710 3425 1834 6042 2859 7521 6938 6869 7622 4763 1374 14 9930 1076 4684 7215
33 8179 4437 1177 7337 7840 1369 156 6659 5907 862 9968 5041 4747 7998 6505 9534 139 5590 186 4809 2380 1575 6030 429 1317 6516 148 9461 8252 7533 1001 1207 1337
30 6952 1651 482 1500 8059 992 9276 6484 4449 9789 4263 3163 2144 7099 1132 1371 1045 3479 6637 2792 5634 4771 3353 4041 8313 5146 140 4596 3922 2606
27 7877 8435 2657 8285 6503 4139 8742 2404 7456 4969 5684 2910 2835 9785 3992 5908 50 5966 6326 1265 985 6371 2351 1856 8356 8139 4810
12 7799 1192 7962 5053 4146 4766 7989 5075 8295 6941 840 2004
18 489 1090 9805 4228 9477 2217 5169 524 9322 7205 5804 8917 9826 8234 5733 6588 4100 1545
9 9207 1874 2209 9362 584 816 9734 8812 3491
2 8184 8088
14 8420 2436 1218 6058 3542 9610 8037 8652 382 7924 8428 1603 3999 2758
16 8675 3138 3830 4705 2997 141 560 8981 2702 2541 8235 5419 8907 2812 8606 3204
15 6424 5744 4848 7874 8192 3809 2721 2488 3158 8846 7165 685 131 8223 5884
33 5245 9412 1640 5668 8368 5584 4880 629 7081 9632 9611 897 408 9366 9821 2137 2560 4486 8280 3000 4971 4963 3192 2701 9854 9762 1825 1585 1173 9468 2014 7052 7240
21 6160 1973 4366 7414 2498 5031 6540 5498 2700 3967 3342 6934 9310 9521 2960 8790 3529 609 7702 8519 298
11 7468 8394 4517 5544 1878 9794 1726 7694 6149 7722 2055
35 1866 3160 2782 4003 2952 4643 6896 2320 9952 5310 5933 7898 695 3498 1714 9939 72 5911 2948 4168 6675 2872 1554 6372 8985 7160 5038 9615 145 637 2643 5148 7303 2466 8138
24 3692 7104 7372 802 6903 4205 2979 546 7103 509 4224 1875 384 9509 6324 4946 1673 345 6542 6697 3718 5676 8337 7478
13 8578 2480 3754 8746 8743 8767 740 4279 293 7273 4974 2099 6972
17 9121 5384 6532 2994 528 6923 5781 1506 1520 6991 5867 1014 9260 9432 4040 4180 6275
19 1993 5572 7249 5347 6729 646 5838 1143 9708 855 198 1915 7944 6797 6666 6287 7489 7923 2475
24 3239 2788 9078 7572 640 3502 2732 6407 3609 8510 1799 9300 7724 3121 3079 7288 3011 3241 7383 7519 9247 2489 8010 3656
30 9901 8449 2780 7085 1684 4652 85 159 9458 6163 4879 4895 6106 8918 6857 4916 6920 8099 8969 2433 1750 9801 8461 2676 6254 851 8966 2363 3582 3001
21 7911 315 3263 7567 8940 161 4958 5553 7071 9126 132 6592 7803 2047 6358 8657 3275 6496 6508 2136 18
29 9411 864 5757 2056 1913 5241 5622 7562 5323 1096 7296 3339 1468 8593 9783 7354 3178 668 9578 745 192 2801 1788 6554 1238 5432 6396 4598 6051
12 1563 2132 7048 1330 6238 7359 346 8977 9953 960 4324 1586
29 4882 3951 3354 57 5107 3993 6380 3839 9889 9566 4302 8857 8431 7865 1065 909 6522 2332 2348 9584 5412 3023 4726 3322 4864 7902 9642 7100 3820
8 5902 6877 4154 6000 6526 1352 3205 8968
32 7229 3170 5307 2787 7448 2362 1412 7197 1338 7474 8109 8444 6386 8261 4893 5180 4290 2244 6157 2844 1730 6837 3668 5233 407 5736 9648 2307 3132 8948 7528 3064
14 4066 3384 3017 7444 8077 3823 8841 3472 351 7031 8508 983 1758 6917
14 6965 3459 8440 2167 6985 7684 589 2069 4314 5037 8467 8537 1397 9467
27 610 8104 9631 5888 6575 3778 5298 6333 5481 5992 8748 9080 6810 3650 5103 7734 6949 9807 4183 3094 3456 793 6250 70 3522 2853 289
25 7318 2106 720 935 9180 2930 3326 5847 6416 5967 2125 7599 1622 2894 7910 9230 2584 5258 9308 3183 4755 7396 2145 5350 1578
31 2429 8699 1267 5892 9018 572 4607 8761 969 7764 163 1907 7178 7132 5472 8126 8817 5360 1493 3059 6759 3888 3484 5068 8315 1950 2301 4478 8765 7617 5450
24 6633 328 4717 6582 4899 5019 8889 2189 8475 8143 7900 7590 5013 6987 5309 5447 2331 1967 4551 7155 7185 5774 8432 4861
15 2278 7575 1670 8624 3884 123 7625 4444 2716 1536 6032 2457 2253 7076 5209
32 2774 1852 6255 3554 849 657 115 9027 2035 9238 8293 4594 8004 8067 4805 7735 8169 4754 7853 5729 7418 1396 1979 4707 4076 2318 2361 7963 2405 27 7388 6569
15 9020 3196 6208 4029 5690 2802 4327 9641 7564 4236 4677 1433 3752 3331 8824
11 2418 7671 5506 8180 5750 3254 810 673 4962 2238 4911
15 9291 4648 428 9071 9199 3532 4270 7271 8026 8788 4052 3488 2492 9426 6477
22 9626 842 3396 9769 1386 9492 4318 4786 1422 5123 1568 5462 7793 151 1911 8993 7743 8148 5023 15 4698 3709
8 9187 1734 8040 4558 476 8397 7304 4817
26 8509 271 8588 4405 3477 8785 9151 6907 6864 3135 412 238 2837 7016 9009 9957 4136 1298 8354 8441 7392 4922 3240 4252 2227 4354
11 4586 5856 5507 9549 3537 5628 8303 5272 4447 760 976
26 4644 2654 1595 8644 6218 9379 9607 6231 6240 7626 4452 8361 2611 8297 8643 1033 9213 7495 2725 1952 9268 6390 335 7200 8752 2691
6 2327 2928 8157 6021 1430 2591
32 4098 7846 4080 9557 1647 3732 2434 5082 7315 3981 5619 6562 3534 6833 5529 8136 6366 5552 8314 242 3360 6303 5339 551 8628 1954 600 8959 9307 8834 5269 9906
9 7227 3246 4994 2229 3287 5461 6860 7537 2353
12 6694 9087 4507 9954 7854 8576 9499 5057 38 8491 6774 535
20 219 400 3557 4953 9842 3513 4696 9812 2680 7754 52 1328 4167 5259 1394 3216 4560 1026 1342 6636
15 2176 3774 5570 9501 9808 49 8706 299 9500 6434 3726 3500 2039 2223 3035
16 1815 8566 435 4028 4645 5913 7466 6279 1561 4651 9758 9671 517 5793 359 8596
15 3008 499 9754 9919 3234 1551 2688 9855 7852 4936 2759 3745 3180 791 6368
14 5222 8713 4815 9483 8598 8457 6022 5549 9719 6660 829 9271 6943 6365
24 8271 1689 4673 4410 7685 5601 9068 7643 1459 8819 8903 6137 9704 104 8793 3864 7844 3283 2655 8240 3881 5331 4803 2845
27 9670 9768 1054 5732 1465 986 595 643 2407 8760 5768 3356 5134 4046 7353 357 6167 1302 3320 4385 8333 6761 33 5199 3965 5446 9673
14 2944 4255 4666 2180 2171 8038 3031 1876 3824 7264 6990 6504 7151 9883
9 6361 2736 9997 8311 5488 4463 1612 6599 7057
14 3321 9021 2800 1526 9204 8852 3399 8777 631 3416 4132 1362 8863 3825
13 3647 6274 7921 4849 1171 4748 7157 4640 5410 2723 1373 6045 3369
24 8564 8426 6473 2442 2059 1565 1725 711 7516 9882 4068 4942 9778 940 1666 2350 6937 5079 8132 6683 6282 1432 6978 4641
8 7716 8231 1765 3515 5197 336 845 2593
12 113 5510 3403 7870 3972 7232 9138 2288 101 3395 5147 2289
30 6913 6455 5090 6984 6305 8403 8804 7118 1768 3624 7267 4128 6838 893 4578 1179 6376 1229 1160 4169 1708 630 6545 4791 7035 2998 1188 8046 4189 1576
28 6607 1489 5205 6922 7434 6261 3949 8272 2885 4767 1461 4564 3428 7650 5763 433 9506 4369 1025 8914 340 5791 4499 7024 6256 3687 8570 1074
12 3168 8792 5626 9819 1319 884 7598 4005 9451 2306 4370 9053
33 2313 5393 2566 6413 6739 2937 5866 1152 1862 459 1415 7794 4221 5909 1322 6977 4102 6726 7667 2116 8558 413 2347 1162 3274 1357 182 9365 2638 1120 2012 3983 1161
22 1724 4352 8998 9992 3211 9240 6165 1668 361 8304 8872 8936 8845 6760 6640 522 7623 8215 2847 3720 7012 7467
30 5402 6851 1527 4088 9064 751 4541 1494 9505 8058 6800 6140 3210 6982 8646 6820 434 6267 6773 7331 5114 6033 504 9051 1616 2925 9443 4731 4315 9387
29 6900 2426 6125 1201 7492 3232 9836 8505 9167 6684 4106 6974 5625 6444 5195 8896 4870 9170 2826 6906 4030 634 8893 4570 9898 3118 6007 941 4049
18 2507 5746 4867 4011 6154 5927 2562 4222 4402 5643 9390 1329 8579 9714 8327 3128 5923 8858
17 5343 1778 3292 7106 1513 5257 9150 1307 2150 6144 7605 4812 440 7242 9713 3630 5946
14 3667 3029 9890 8419 6438 6969 7191 6672 9159 1348 9208 4628 3341 7713
23 554 9974 1010 8823 3565 1175 4372 3169 1942 3946 138 6868 7610 2467 3521 7047 4438 7892 1877 54 510 6037 5760
5 7088 2711 7430 3022 4887
18 8587 5721 933 6615 2033 9134 2386 3434 6197 1785 5127 1385 9891 8650 2421 5388 3478 2764
15 6418 8073 6338 5621 9538 8642 300 2075 6850 6391 754 274 9330 1905 9824
33 9698 8323 4761 3114 9171 3802 2076 4497 3675 396 4247 6677 6680 9219 304 4368 9142 2052 6124 8172 6909 3670 1401 4389 5469 4391 9453 4722 9781 5659 6723 2929 9010
21 8698 1635 3786 69 5719 1222 6705 1324 9647 1110 7697 7361 1203 6253 1981 7341 4591 3277 6641 7549 4469
28 6780 5112 5748 6186 7579 6967 3439 8028 3735 7817 5143 3470 1235 7820 1450 5778 3682 6720 309 1124 5128 44 2747 7736 5551 7343 7968 8930
25 6767 9851 1804 9680 3319 5495 6313 7425 542 9438 7221 3476 8105 8291 405 1882 7536 8318 7982 7619 385 5397 8964 1932 9418
7 6044 3202 7813 1444 5220 6750 5164
32 4056 7357 409 4050 7277 671 3190 8116 6013 5116 2174 8691 8446 6674 8125 3691 9403 9929 3598 3361 8887 919 1687 3359 3771 2252 4896 4434 9129 4554 5652 5179
23 2531 5487 5887 7934 6537 1509 3770 4195 40 8638 463 8620 9784 4266 2501 6176 6758 1654 9924 2029 8844 1185 1998
17 3410 5332 7926 5532 4092 3053 3796 6436 4634 8141 727 5734 2777 9839 9727 9257 251
36 5881 4223 150 119 6425 4957 6648 5088 8300 7715 4031 5076 3859 7659 779 9724 5569 2729 171 1597 9111 9292 824 7486 1340 4831 2311 3815 3273 5755 4373 4287 4835 5563 619 181
16 1879 3424 6536 266 7922 9576 2355 9561 6297 5301 8534 5694 4569 7062 5401 8330
28 8086 8447 4207 8085 9527 1349 8190 8485 5009 121 8952 4734 3924 4073 279 2956 2299 6452 2500 6414 9816 9715 688 6935 8684 3899 9076 6914
28 8189 9274 3462 9947 5477 2041 2981 4532 9319 1104 890 6946 684 1525 814 1296 537 5594 3214 681 1567 4173 5812 7079 7958 2886 8941 8943
32 2828 2784 7631 6475 7174 7548 8597 5579 2453 8686 2054 7167 5372 4111 1283 6122 4198 6543 1457 6561 8592 8465 1926 2372 1507 6193 191 4983 8468 755 539 1366
30 1794 1625 7574 497 9497 6062 1872 2264 4559 4898 6469 3351 8129 6734 505 8680 9663 6099 5515 9956 3415 7074 4631 6700 6091 6273 860 8770 2848 170
28 7849 8629 2690 511 5656 4171 1613 1168 7971 4907 8450 7823 7866 6824 8745 703 7313 5805 2587 1486 8723 4757 8181 5595 2889 8451 7774 7460
15 394 3104 9586 7382 6652 8671 2665 374 5899 8014 1391 7613 1327 1094 2082
9 6269 3067 8346 8133 1102 7535 1475 9031 6190
3 6843 9459 7376
